<html>
<head>
<title>TestNG:  Default test</title>
<link href="../testng.css" rel="stylesheet" type="text/css" />
<link href="../my-testng.css" rel="stylesheet" type="text/css" />

<style type="text/css">
.log { display: none;} 
.stack-trace { display: none;} 
</style>
<script type="text/javascript">
<!--
function flip(e) {
  current = e.style.display;
  if (current == 'block') {
    e.style.display = 'none';
    return 0;
  }
  else {
    e.style.display = 'block';
    return 1;
  }
}

function toggleBox(szDivId, elem, msg1, msg2)
{
  var res = -1;  if (document.getElementById) {
    res = flip(document.getElementById(szDivId));
  }
  else if (document.all) {
    // this is the way old msie versions work
    res = flip(document.all[szDivId]);
  }
  if(elem) {
    if(res == 0) elem.innerHTML = msg1; else elem.innerHTML = msg2;
  }

}

function toggleAllBoxes() {
  if (document.getElementsByTagName) {
    d = document.getElementsByTagName('div');
    for (i = 0; i < d.length; i++) {
      if (d[i].className == 'log') {
        flip(d[i]);
      }
    }
  }
}

// -->
</script>

</head>
<body>
<h2 align='center'>Default test</h2><table border='1' align="center">
<tr>
<td>Tests passed/Failed/Skipped:</td><td>13/1/0</td>
</tr><tr>
<td>Started on:</td><td>Mon Sep 09 16:11:44 IST 2019</td>
</tr>
<tr><td>Total time:</td><td>126 seconds (126094 ms)</td>
</tr><tr>
<td>Included groups:</td><td></td>
</tr><tr>
<td>Excluded groups:</td><td></td>
</tr>
</table><p/>
<small><i>(Hover the method name to see the test class name)</i></small><p/>
<table width='100%' border='1' class='invocation-failed'>
<tr><td colspan='4' align='center'><b>FAILED TESTS</b></td></tr>
<tr><td><b>Test method</b></td>
<td width="30%"><b>Exception</b></td>
<td width="10%"><b>Time (seconds)</b></td>
<td><b>Instance</b></td>
</tr>
<tr>
<td title='practice.TechUs.HomePage.pageTitleVerify()'><b>pageTitleVerify</b><br>Test class: practice.TechUs.HomePage</td>
<td><div><pre>java.lang.AssertionError: expected [Hire Tech Experts For Your Software Projects - Tech.us] but found [Hire Tech.us For Your Dedicated Development Team - Tech.us]
	at org.testng.Assert.fail(Assert.java:96)
	at org.testng.Assert.failNotEquals(Assert.java:776)
	at org.testng.Assert.assertEqualsImpl(Assert.java:137)
	at org.testng.Assert.assertEquals(Assert.java:118)
	at org.testng.Assert.assertEquals(Assert.java:453)
	at org.testng.Assert.assertEquals(Assert.java:463)
	at practice.TechUs.HomePage.pageTitleVerify(HomePage.java:19)
	at sun.reflect.NativeMethodAccessorImpl.invoke0(Native Method)
	at sun.reflect.NativeMethodAccessorImpl.invoke(NativeMethodAccessorImpl.java:62)
	at sun.reflect.DelegatingMethodAccessorImpl.invoke(DelegatingMethodAccessorImpl.java:43)
	at java.lang.reflect.Method.invoke(Method.java:498)
	at org.testng.internal.MethodInvocationHelper.invokeMethod(MethodInvocationHelper.java:124)
	at org.testng.internal.Invoker.invokeMethod(Invoker.java:583)
	at org.testng.internal.Invoker.invokeTestMethod(Invoker.java:719)
	at org.testng.internal.Invoker.invokeTestMethods(Invoker.java:989)
	at org.testng.internal.TestMethodWorker.invokeTestMethods(TestMethodWorker.java:125)
	at org.testng.internal.TestMethodWorker.run(TestMethodWorker.java:109)
	at org.testng.TestRunner.privateRun(TestRunner.java:648)
	at org.testng.TestRunner.run(TestRunner.java:505)
	at org.testng.SuiteRunner.runTest(SuiteRunner.java:455)
	at org.testng.SuiteRunner.runSequentially(SuiteRunner.java:450)
	at org.testng.SuiteRunner.privateRun(SuiteRunner.java:415)
	at org.testng.SuiteRunner.run(SuiteRunner.java:364)
	at org.testng.SuiteRunnerWorker.runSuite(SuiteRunnerWorker.java:52)
	at org.testng.SuiteRunnerWorker.run(SuiteRunnerWorker.java:84)
	at org.testng.TestNG.runSuitesSequentially(TestNG.java:1208)
	at org.testng.TestNG.runSuitesLocally(TestNG.java:1137)
	at org.testng.TestNG.runSuites(TestNG.java:1049)
	at org.testng.TestNG.run(TestNG.java:1017)
	at org.testng.remote.AbstractRemoteTestNG.run(AbstractRemoteTestNG.java:115)
	at org.testng.remote.RemoteTestNG.initAndRun(RemoteTestNG.java:251)
	at org.testng.remote.RemoteTestNG.main(RemoteTestNG.java:77)
</pre></div><a href='#' onClick='toggleBox("stack-trace1509713998", this, "Click to show all stack frames", "Click to hide stack frames")'>Click to show all stack frames</a>
<div class='stack-trace' id='stack-trace1509713998'><pre>java.lang.AssertionError: expected [Hire Tech Experts For Your Software Projects - Tech.us] but found [Hire Tech.us For Your Dedicated Development Team - Tech.us]
	at org.testng.Assert.fail(Assert.java:96)
	at org.testng.Assert.failNotEquals(Assert.java:776)
	at org.testng.Assert.assertEqualsImpl(Assert.java:137)
	at org.testng.Assert.assertEquals(Assert.java:118)
	at org.testng.Assert.assertEquals(Assert.java:453)
	at org.testng.Assert.assertEquals(Assert.java:463)
	at practice.TechUs.HomePage.pageTitleVerify(HomePage.java:19)
	at sun.reflect.NativeMethodAccessorImpl.invoke0(Native Method)
	at sun.reflect.NativeMethodAccessorImpl.invoke(NativeMethodAccessorImpl.java:62)
	at sun.reflect.DelegatingMethodAccessorImpl.invoke(DelegatingMethodAccessorImpl.java:43)
	at java.lang.reflect.Method.invoke(Method.java:498)
	at org.testng.internal.MethodInvocationHelper.invokeMethod(MethodInvocationHelper.java:124)
	at org.testng.internal.Invoker.invokeMethod(Invoker.java:583)
	at org.testng.internal.Invoker.invokeTestMethod(Invoker.java:719)
	at org.testng.internal.Invoker.invokeTestMethods(Invoker.java:989)
	at org.testng.internal.TestMethodWorker.invokeTestMethods(TestMethodWorker.java:125)
	at org.testng.internal.TestMethodWorker.run(TestMethodWorker.java:109)
	at org.testng.TestRunner.privateRun(TestRunner.java:648)
	at org.testng.TestRunner.run(TestRunner.java:505)
	at org.testng.SuiteRunner.runTest(SuiteRunner.java:455)
	at org.testng.SuiteRunner.runSequentially(SuiteRunner.java:450)
	at org.testng.SuiteRunner.privateRun(SuiteRunner.java:415)
	at org.testng.SuiteRunner.run(SuiteRunner.java:364)
	at org.testng.SuiteRunnerWorker.runSuite(SuiteRunnerWorker.java:52)
	at org.testng.SuiteRunnerWorker.run(SuiteRunnerWorker.java:84)
	at org.testng.TestNG.runSuitesSequentially(TestNG.java:1208)
	at org.testng.TestNG.runSuitesLocally(TestNG.java:1137)
	at org.testng.TestNG.runSuites(TestNG.java:1049)
	at org.testng.TestNG.run(TestNG.java:1017)
	at org.testng.remote.AbstractRemoteTestNG.run(AbstractRemoteTestNG.java:115)
	at org.testng.remote.RemoteTestNG.initAndRun(RemoteTestNG.java:251)
	at org.testng.remote.RemoteTestNG.main(RemoteTestNG.java:77)
</pre></div></td>
<td>2</td>
<td>practice.TechUs.HomePage@f78a47e</td></tr>
</table><p>
<table width='100%' border='1' class='invocation-passed'>
<tr><td colspan='4' align='center'><b>PASSED TESTS</b></td></tr>
<tr><td><b>Test method</b></td>
<td width="30%"><b>Exception</b></td>
<td width="10%"><b>Time (seconds)</b></td>
<td><b>Instance</b></td>
</tr>
<tr>
<td title='practice.TechUs.ContactPage.pageTitleVerify()'><b>pageTitleVerify</b><br>Test class: practice.TechUs.ContactPage</td>
<td></td>
<td>14</td>
<td>practice.TechUs.ContactPage@2a7f1f10</td></tr>
<tr>
<td title='practice.TechUs.WebCloudApplicationPage.pageTitleVerify()'><b>pageTitleVerify</b><br>Test class: practice.TechUs.WebCloudApplicationPage</td>
<td></td>
<td>18</td>
<td>practice.TechUs.WebCloudApplicationPage@46cdf8bd</td></tr>
<tr>
<td title='practice.TechUs.TestimonialPage.pageTitleVerify()'><b>pageTitleVerify</b><br>Test class: practice.TechUs.TestimonialPage</td>
<td></td>
<td>17</td>
<td>practice.TechUs.TestimonialPage@f0c8a99</td></tr>
<tr>
<td title='practice.TechUs.SoftwareModernizationPage.pageTitleVerify()'><b>pageTitleVerify</b><br>Test class: practice.TechUs.SoftwareModernizationPage</td>
<td></td>
<td>8</td>
<td>practice.TechUs.SoftwareModernizationPage@740cae06</td></tr>
<tr>
<td title='practice.TechUs.HowItWorksPage.pageTitleVerify()'><b>pageTitleVerify</b><br>Test class: practice.TechUs.HowItWorksPage</td>
<td></td>
<td>8</td>
<td>practice.TechUs.HowItWorksPage@298a5e20</td></tr>
<tr>
<td title='practice.TechUs.DevelopementTeamPage.pageTitleVerify()'><b>pageTitleVerify</b><br>Test class: practice.TechUs.DevelopementTeamPage</td>
<td></td>
<td>8</td>
<td>practice.TechUs.DevelopementTeamPage@26d9b808</td></tr>
<tr>
<td title='practice.TechUs.SoftwareDevPage.pageTitleVerify()'><b>pageTitleVerify</b><br>Test class: practice.TechUs.SoftwareDevPage</td>
<td></td>
<td>13</td>
<td>practice.TechUs.SoftwareDevPage@644baf4a</td></tr>
<tr>
<td title='practice.TechUs.PricingPage.pageTitleVerify()'><b>pageTitleVerify</b><br>Test class: practice.TechUs.PricingPage</td>
<td></td>
<td>2</td>
<td>practice.TechUs.PricingPage@7526515b</td></tr>
<tr>
<td title='practice.TechUs.ClientsPage.pageTitleVerify()'><b>pageTitleVerify</b><br>Test class: practice.TechUs.ClientsPage</td>
<td></td>
<td>7</td>
<td>practice.TechUs.ClientsPage@1ed4ae0f</td></tr>
<tr>
<td title='practice.TechUs.ArtificialInteligencePage.pageTitleVerify()'><b>pageTitleVerify</b><br>Test class: practice.TechUs.ArtificialInteligencePage</td>
<td></td>
<td>10</td>
<td>practice.TechUs.ArtificialInteligencePage@54c5a2ff</td></tr>
<tr>
<td title='practice.TechUs.FAQPage.pageTitleVerify()'><b>pageTitleVerify</b><br>Test class: practice.TechUs.FAQPage</td>
<td></td>
<td>4</td>
<td>practice.TechUs.FAQPage@6d4d66d2</td></tr>
<tr>
<td title='practice.TechUs.OurServices.pageTitleVerify()'><b>pageTitleVerify</b><br>Test class: practice.TechUs.OurServices</td>
<td></td>
<td>3</td>
<td>practice.TechUs.OurServices@2a265ea9</td></tr>
<tr>
<td title='practice.TechUs.MobileAppDevPage.pageTitleVerify()'><b>pageTitleVerify</b><br>Test class: practice.TechUs.MobileAppDevPage</td>
<td></td>
<td>6</td>
<td>practice.TechUs.MobileAppDevPage@11392934</td></tr>
</table><p>
</body>
</html>