<?xml version="1.0" encoding="UTF-8"?>
<!-- Generated by org.testng.reporters.JUnitXMLReporter -->
<testsuite hostname="DESKTOP-UUTUU8G" ignored="0" name="Default test" tests="14" failures="1" timestamp="09 Sep 2019 10:43:50 GMT" time="126.094" errors="0">
  <testcase name="pageTitleVerify" time="14.027" classname="practice.TechUs.ContactPage"/>
  <testcase name="pageTitleVerify" time="18.713" classname="practice.TechUs.WebCloudApplicationPage"/>
  <testcase name="pageTitleVerify" time="17.811" classname="practice.TechUs.TestimonialPage"/>
  <testcase name="pageTitleVerify" time="8.378" classname="practice.TechUs.SoftwareModernizationPage"/>
  <testcase name="pageTitleVerify" time="8.418" classname="practice.TechUs.HowItWorksPage"/>
  <testcase name="pageTitleVerify" time="8.393" classname="practice.TechUs.DevelopementTeamPage"/>
  <testcase name="pageTitleVerify" time="2.025" classname="practice.TechUs.HomePage">
    <failure type="java.lang.AssertionError" message="expected [Hire Tech Experts For Your Software Projects - Tech.us] but found [Hire Tech.us For Your Dedicated Development Team - Tech.us]">
      <![CDATA[java.lang.AssertionError: expected [Hire Tech Experts For Your Software Projects - Tech.us] but found [Hire Tech.us For Your Dedicated Development Team - Tech.us]
at org.testng.Assert.fail(Assert.java:96)
at org.testng.Assert.failNotEquals(Assert.java:776)
at org.testng.Assert.assertEqualsImpl(Assert.java:137)
at org.testng.Assert.assertEquals(Assert.java:118)
at org.testng.Assert.assertEquals(Assert.java:453)
at org.testng.Assert.assertEquals(Assert.java:463)
at practice.TechUs.HomePage.pageTitleVerify(HomePage.java:19)
at sun.reflect.NativeMethodAccessorImpl.invoke0(Native Method)
at sun.reflect.NativeMethodAccessorImpl.invoke(NativeMethodAccessorImpl.java:62)
at sun.reflect.DelegatingMethodAccessorImpl.invoke(DelegatingMethodAccessorImpl.java:43)
at java.lang.reflect.Method.invoke(Method.java:498)
at org.testng.internal.MethodInvocationHelper.invokeMethod(MethodInvocationHelper.java:124)
at org.testng.internal.Invoker.invokeMethod(Invoker.java:583)
at org.testng.internal.Invoker.invokeTestMethod(Invoker.java:719)
at org.testng.internal.Invoker.invokeTestMethods(Invoker.java:989)
at org.testng.internal.TestMethodWorker.invokeTestMethods(TestMethodWorker.java:125)
at org.testng.internal.TestMethodWorker.run(TestMethodWorker.java:109)
at org.testng.TestRunner.privateRun(TestRunner.java:648)
at org.testng.TestRunner.run(TestRunner.java:505)
at org.testng.SuiteRunner.runTest(SuiteRunner.java:455)
at org.testng.SuiteRunner.runSequentially(SuiteRunner.java:450)
at org.testng.SuiteRunner.privateRun(SuiteRunner.java:415)
at org.testng.SuiteRunner.run(SuiteRunner.java:364)
at org.testng.SuiteRunnerWorker.runSuite(SuiteRunnerWorker.java:52)
at org.testng.SuiteRunnerWorker.run(SuiteRunnerWorker.java:84)
at org.testng.TestNG.runSuitesSequentially(TestNG.java:1208)
at org.testng.TestNG.runSuitesLocally(TestNG.java:1137)
at org.testng.TestNG.runSuites(TestNG.java:1049)
at org.testng.TestNG.run(TestNG.java:1017)
at org.testng.remote.AbstractRemoteTestNG.run(AbstractRemoteTestNG.java:115)
at org.testng.remote.RemoteTestNG.initAndRun(RemoteTestNG.java:251)
at org.testng.remote.RemoteTestNG.main(RemoteTestNG.java:77)
]]>
    </failure>
  </testcase> <!-- pageTitleVerify -->
  <testcase name="pageTitleVerify" time="13.166" classname="practice.TechUs.SoftwareDevPage"/>
  <testcase name="pageTitleVerify" time="2.377" classname="practice.TechUs.PricingPage"/>
  <testcase name="pageTitleVerify" time="7.263" classname="practice.TechUs.ClientsPage"/>
  <testcase name="pageTitleVerify" time="10.237" classname="practice.TechUs.ArtificialInteligencePage"/>
  <testcase name="pageTitleVerify" time="4.365" classname="practice.TechUs.FAQPage"/>
  <testcase name="pageTitleVerify" time="3.312" classname="practice.TechUs.OurServices"/>
  <testcase name="pageTitleVerify" time="6.919" classname="practice.TechUs.MobileAppDevPage"/>
</testsuite> <!-- Default test -->
