<html>
<head>
<title>TestNG:  TitleVerification</title>
<link href="../testng.css" rel="stylesheet" type="text/css" />
<link href="../my-testng.css" rel="stylesheet" type="text/css" />

<style type="text/css">
.log { display: none;} 
.stack-trace { display: none;} 
</style>
<script type="text/javascript">
<!--
function flip(e) {
  current = e.style.display;
  if (current == 'block') {
    e.style.display = 'none';
    return 0;
  }
  else {
    e.style.display = 'block';
    return 1;
  }
}

function toggleBox(szDivId, elem, msg1, msg2)
{
  var res = -1;  if (document.getElementById) {
    res = flip(document.getElementById(szDivId));
  }
  else if (document.all) {
    // this is the way old msie versions work
    res = flip(document.all[szDivId]);
  }
  if(elem) {
    if(res == 0) elem.innerHTML = msg1; else elem.innerHTML = msg2;
  }

}

function toggleAllBoxes() {
  if (document.getElementsByTagName) {
    d = document.getElementsByTagName('div');
    for (i = 0; i < d.length; i++) {
      if (d[i].className == 'log') {
        flip(d[i]);
      }
    }
  }
}

// -->
</script>

</head>
<body>
<h2 align='center'>TitleVerification</h2><table border='1' align="center">
<tr>
<td>Tests passed/Failed/Skipped:</td><td>13/1/3</td>
</tr><tr>
<td>Started on:</td><td>Wed Sep 11 16:02:51 IST 2019</td>
</tr>
<tr><td>Total time:</td><td>153 seconds (153178 ms)</td>
</tr><tr>
<td>Included groups:</td><td></td>
</tr><tr>
<td>Excluded groups:</td><td></td>
</tr>
</table><p/>
<small><i>(Hover the method name to see the test class name)</i></small><p/>
<table width='100%' border='1' class='invocation-failed'>
<tr><td colspan='4' align='center'><b>FAILED TESTS</b></td></tr>
<tr><td><b>Test method</b></td>
<td width="30%"><b>Exception</b></td>
<td width="10%"><b>Time (seconds)</b></td>
<td><b>Instance</b></td>
</tr>
<tr>
<td title='practice.TechUs.ContactPage.pageTitleVerify()'><b>pageTitleVerify</b><br>Test class: practice.TechUs.ContactPage</td>
<td><div><pre>java.lang.AssertionError: expected [Tell Us About Your Dream. Let&apos;s chat! - Tech.us1] but found [Tell Us About Your Dream. Let&apos;s chat! - Tech.us]
	at resources.Base.menu(Base.java:79)
	at practice.TechUs.ContactPage.pageTitleVerify(ContactPage.java:20)
... Removed 35 stack frames</pre></div><a href='#' onClick='toggleBox("stack-trace659996839", this, "Click to show all stack frames", "Click to hide stack frames")'>Click to show all stack frames</a>
<div class='stack-trace' id='stack-trace659996839'><pre>java.lang.AssertionError: expected [Tell Us About Your Dream. Let&apos;s chat! - Tech.us1] but found [Tell Us About Your Dream. Let&apos;s chat! - Tech.us]
	at org.testng.Assert.fail(Assert.java:96)
	at org.testng.Assert.failNotEquals(Assert.java:776)
	at org.testng.Assert.assertEqualsImpl(Assert.java:137)
	at org.testng.Assert.assertEquals(Assert.java:118)
	at org.testng.Assert.assertEquals(Assert.java:453)
	at org.testng.Assert.assertEquals(Assert.java:463)
	at resources.Base.menu(Base.java:79)
	at practice.TechUs.ContactPage.pageTitleVerify(ContactPage.java:20)
	at sun.reflect.NativeMethodAccessorImpl.invoke0(Native Method)
	at sun.reflect.NativeMethodAccessorImpl.invoke(NativeMethodAccessorImpl.java:62)
	at sun.reflect.DelegatingMethodAccessorImpl.invoke(DelegatingMethodAccessorImpl.java:43)
	at java.lang.reflect.Method.invoke(Method.java:498)
	at org.testng.internal.MethodInvocationHelper.invokeMethod(MethodInvocationHelper.java:124)
	at org.testng.internal.Invoker.invokeMethod(Invoker.java:583)
	at org.testng.internal.Invoker.retryFailed(Invoker.java:839)
	at org.testng.internal.Invoker.invokeTestMethods(Invoker.java:1010)
	at org.testng.internal.TestMethodWorker.invokeTestMethods(TestMethodWorker.java:125)
	at org.testng.internal.TestMethodWorker.run(TestMethodWorker.java:109)
	at org.testng.TestRunner.privateRun(TestRunner.java:648)
	at org.testng.TestRunner.run(TestRunner.java:505)
	at org.testng.SuiteRunner.runTest(SuiteRunner.java:455)
	at org.testng.SuiteRunner.runSequentially(SuiteRunner.java:450)
	at org.testng.SuiteRunner.privateRun(SuiteRunner.java:415)
	at org.testng.SuiteRunner.run(SuiteRunner.java:364)
	at org.testng.SuiteRunnerWorker.runSuite(SuiteRunnerWorker.java:52)
	at org.testng.SuiteRunnerWorker.run(SuiteRunnerWorker.java:84)
	at org.testng.TestNG.runSuitesSequentially(TestNG.java:1208)
	at org.testng.TestNG.runSuitesLocally(TestNG.java:1137)
	at org.testng.TestNG.runSuites(TestNG.java:1049)
	at org.testng.TestNG.run(TestNG.java:1017)
	at org.apache.maven.surefire.testng.TestNGExecutor.run(TestNGExecutor.java:283)
	at org.apache.maven.surefire.testng.TestNGXmlTestSuite.execute(TestNGXmlTestSuite.java:75)
	at org.apache.maven.surefire.testng.TestNGProvider.invoke(TestNGProvider.java:120)
	at org.apache.maven.surefire.booter.ForkedBooter.invokeProviderInSameClassLoader(ForkedBooter.java:384)
	at org.apache.maven.surefire.booter.ForkedBooter.runSuitesInProcess(ForkedBooter.java:345)
	at org.apache.maven.surefire.booter.ForkedBooter.execute(ForkedBooter.java:126)
	at org.apache.maven.surefire.booter.ForkedBooter.main(ForkedBooter.java:418)
</pre></div></td>
<td>3</td>
<td>practice.TechUs.ContactPage@479d31f3</td></tr>
</table><p>
<table width='100%' border='1' class='invocation-passed'>
<tr><td colspan='4' align='center'><b>PASSED TESTS</b></td></tr>
<tr><td><b>Test method</b></td>
<td width="30%"><b>Exception</b></td>
<td width="10%"><b>Time (seconds)</b></td>
<td><b>Instance</b></td>
</tr>
<tr>
<td title='practice.TechUs.HomePage.pageTitleVerify()'><b>pageTitleVerify</b><br>Test class: practice.TechUs.HomePage</td>
<td></td>
<td>3</td>
<td>practice.TechUs.HomePage@393671df</td></tr>
<tr>
<td title='practice.TechUs.HowItWorksPage.pageTitleVerify()'><b>pageTitleVerify</b><br>Test class: practice.TechUs.HowItWorksPage</td>
<td></td>
<td>8</td>
<td>practice.TechUs.HowItWorksPage@20ce78ec</td></tr>
<tr>
<td title='practice.TechUs.FAQPage.pageTitleVerify()'><b>pageTitleVerify</b><br>Test class: practice.TechUs.FAQPage</td>
<td></td>
<td>5</td>
<td>practice.TechUs.FAQPage@56620197</td></tr>
<tr>
<td title='practice.TechUs.OurServices.pageTitleVerify()'><b>pageTitleVerify</b><br>Test class: practice.TechUs.OurServices</td>
<td></td>
<td>3</td>
<td>practice.TechUs.OurServices@6eda5c9</td></tr>
<tr>
<td title='practice.TechUs.ArtificialInteligencePage.pageTitleVerify()'><b>pageTitleVerify</b><br>Test class: practice.TechUs.ArtificialInteligencePage</td>
<td></td>
<td>8</td>
<td>practice.TechUs.ArtificialInteligencePage@55b7a4e0</td></tr>
<tr>
<td title='practice.TechUs.DevelopementTeamPage.pageTitleVerify()'><b>pageTitleVerify</b><br>Test class: practice.TechUs.DevelopementTeamPage</td>
<td></td>
<td>6</td>
<td>practice.TechUs.DevelopementTeamPage@5f058f00</td></tr>
<tr>
<td title='practice.TechUs.SoftwareDevPage.pageTitleVerify()'><b>pageTitleVerify</b><br>Test class: practice.TechUs.SoftwareDevPage</td>
<td></td>
<td>11</td>
<td>practice.TechUs.SoftwareDevPage@192d43ce</td></tr>
<tr>
<td title='practice.TechUs.MobileAppDevPage.pageTitleVerify()'><b>pageTitleVerify</b><br>Test class: practice.TechUs.MobileAppDevPage</td>
<td></td>
<td>12</td>
<td>practice.TechUs.MobileAppDevPage@72057ecf</td></tr>
<tr>
<td title='practice.TechUs.WebCloudApplicationPage.pageTitleVerify()'><b>pageTitleVerify</b><br>Test class: practice.TechUs.WebCloudApplicationPage</td>
<td></td>
<td>17</td>
<td>practice.TechUs.WebCloudApplicationPage@1afd44cb</td></tr>
<tr>
<td title='practice.TechUs.SoftwareModernizationPage.pageTitleVerify()'><b>pageTitleVerify</b><br>Test class: practice.TechUs.SoftwareModernizationPage</td>
<td></td>
<td>11</td>
<td>practice.TechUs.SoftwareModernizationPage@6973b51b</td></tr>
<tr>
<td title='practice.TechUs.PricingPage.pageTitleVerify()'><b>pageTitleVerify</b><br>Test class: practice.TechUs.PricingPage</td>
<td></td>
<td>7</td>
<td>practice.TechUs.PricingPage@1ab3a8c8</td></tr>
<tr>
<td title='practice.TechUs.ClientsPage.pageTitleVerify()'><b>pageTitleVerify</b><br>Test class: practice.TechUs.ClientsPage</td>
<td></td>
<td>6</td>
<td>practice.TechUs.ClientsPage@43195e57</td></tr>
<tr>
<td title='practice.TechUs.TestimonialPage.pageTitleVerify()'><b>pageTitleVerify</b><br>Test class: practice.TechUs.TestimonialPage</td>
<td></td>
<td>23</td>
<td>practice.TechUs.TestimonialPage@333291e3</td></tr>
</table><p>
<table width='100%' border='1' class='invocation-skipped'>
<tr><td colspan='4' align='center'><b>SKIPPED TESTS</b></td></tr>
<tr><td><b>Test method</b></td>
<td width="30%"><b>Exception</b></td>
<td width="10%"><b>Time (seconds)</b></td>
<td><b>Instance</b></td>
</tr>
<tr>
<td title='practice.TechUs.ContactPage.pageTitleVerify()'><b>pageTitleVerify</b><br>Test class: practice.TechUs.ContactPage</td>
<td><div><pre>java.lang.AssertionError: expected [Tell Us About Your Dream. Let&apos;s chat! - Tech.us1] but found [Tell Us About Your Dream. Let&apos;s chat! - Tech.us]
	at resources.Base.menu(Base.java:79)
	at practice.TechUs.ContactPage.pageTitleVerify(ContactPage.java:20)
... Removed 35 stack frames</pre></div><a href='#' onClick='toggleBox("stack-trace1523649562", this, "Click to show all stack frames", "Click to hide stack frames")'>Click to show all stack frames</a>
<div class='stack-trace' id='stack-trace1523649562'><pre>java.lang.AssertionError: expected [Tell Us About Your Dream. Let&apos;s chat! - Tech.us1] but found [Tell Us About Your Dream. Let&apos;s chat! - Tech.us]
	at org.testng.Assert.fail(Assert.java:96)
	at org.testng.Assert.failNotEquals(Assert.java:776)
	at org.testng.Assert.assertEqualsImpl(Assert.java:137)
	at org.testng.Assert.assertEquals(Assert.java:118)
	at org.testng.Assert.assertEquals(Assert.java:453)
	at org.testng.Assert.assertEquals(Assert.java:463)
	at resources.Base.menu(Base.java:79)
	at practice.TechUs.ContactPage.pageTitleVerify(ContactPage.java:20)
	at sun.reflect.NativeMethodAccessorImpl.invoke0(Native Method)
	at sun.reflect.NativeMethodAccessorImpl.invoke(NativeMethodAccessorImpl.java:62)
	at sun.reflect.DelegatingMethodAccessorImpl.invoke(DelegatingMethodAccessorImpl.java:43)
	at java.lang.reflect.Method.invoke(Method.java:498)
	at org.testng.internal.MethodInvocationHelper.invokeMethod(MethodInvocationHelper.java:124)
	at org.testng.internal.Invoker.invokeMethod(Invoker.java:583)
	at org.testng.internal.Invoker.invokeTestMethod(Invoker.java:719)
	at org.testng.internal.Invoker.invokeTestMethods(Invoker.java:989)
	at org.testng.internal.TestMethodWorker.invokeTestMethods(TestMethodWorker.java:125)
	at org.testng.internal.TestMethodWorker.run(TestMethodWorker.java:109)
	at org.testng.TestRunner.privateRun(TestRunner.java:648)
	at org.testng.TestRunner.run(TestRunner.java:505)
	at org.testng.SuiteRunner.runTest(SuiteRunner.java:455)
	at org.testng.SuiteRunner.runSequentially(SuiteRunner.java:450)
	at org.testng.SuiteRunner.privateRun(SuiteRunner.java:415)
	at org.testng.SuiteRunner.run(SuiteRunner.java:364)
	at org.testng.SuiteRunnerWorker.runSuite(SuiteRunnerWorker.java:52)
	at org.testng.SuiteRunnerWorker.run(SuiteRunnerWorker.java:84)
	at org.testng.TestNG.runSuitesSequentially(TestNG.java:1208)
	at org.testng.TestNG.runSuitesLocally(TestNG.java:1137)
	at org.testng.TestNG.runSuites(TestNG.java:1049)
	at org.testng.TestNG.run(TestNG.java:1017)
	at org.apache.maven.surefire.testng.TestNGExecutor.run(TestNGExecutor.java:283)
	at org.apache.maven.surefire.testng.TestNGXmlTestSuite.execute(TestNGXmlTestSuite.java:75)
	at org.apache.maven.surefire.testng.TestNGProvider.invoke(TestNGProvider.java:120)
	at org.apache.maven.surefire.booter.ForkedBooter.invokeProviderInSameClassLoader(ForkedBooter.java:384)
	at org.apache.maven.surefire.booter.ForkedBooter.runSuitesInProcess(ForkedBooter.java:345)
	at org.apache.maven.surefire.booter.ForkedBooter.execute(ForkedBooter.java:126)
	at org.apache.maven.surefire.booter.ForkedBooter.main(ForkedBooter.java:418)
</pre></div></td>
<td>11</td>
<td>practice.TechUs.ContactPage@479d31f3</td></tr>
<tr>
<td title='practice.TechUs.ContactPage.pageTitleVerify()'><b>pageTitleVerify</b><br>Test class: practice.TechUs.ContactPage</td>
<td><div><pre>java.lang.AssertionError: expected [Tell Us About Your Dream. Let&apos;s chat! - Tech.us1] but found [Tell Us About Your Dream. Let&apos;s chat! - Tech.us]
	at resources.Base.menu(Base.java:79)
	at practice.TechUs.ContactPage.pageTitleVerify(ContactPage.java:20)
... Removed 35 stack frames</pre></div><a href='#' onClick='toggleBox("stack-trace1591161296", this, "Click to show all stack frames", "Click to hide stack frames")'>Click to show all stack frames</a>
<div class='stack-trace' id='stack-trace1591161296'><pre>java.lang.AssertionError: expected [Tell Us About Your Dream. Let&apos;s chat! - Tech.us1] but found [Tell Us About Your Dream. Let&apos;s chat! - Tech.us]
	at org.testng.Assert.fail(Assert.java:96)
	at org.testng.Assert.failNotEquals(Assert.java:776)
	at org.testng.Assert.assertEqualsImpl(Assert.java:137)
	at org.testng.Assert.assertEquals(Assert.java:118)
	at org.testng.Assert.assertEquals(Assert.java:453)
	at org.testng.Assert.assertEquals(Assert.java:463)
	at resources.Base.menu(Base.java:79)
	at practice.TechUs.ContactPage.pageTitleVerify(ContactPage.java:20)
	at sun.reflect.NativeMethodAccessorImpl.invoke0(Native Method)
	at sun.reflect.NativeMethodAccessorImpl.invoke(NativeMethodAccessorImpl.java:62)
	at sun.reflect.DelegatingMethodAccessorImpl.invoke(DelegatingMethodAccessorImpl.java:43)
	at java.lang.reflect.Method.invoke(Method.java:498)
	at org.testng.internal.MethodInvocationHelper.invokeMethod(MethodInvocationHelper.java:124)
	at org.testng.internal.Invoker.invokeMethod(Invoker.java:583)
	at org.testng.internal.Invoker.retryFailed(Invoker.java:839)
	at org.testng.internal.Invoker.invokeTestMethods(Invoker.java:1010)
	at org.testng.internal.TestMethodWorker.invokeTestMethods(TestMethodWorker.java:125)
	at org.testng.internal.TestMethodWorker.run(TestMethodWorker.java:109)
	at org.testng.TestRunner.privateRun(TestRunner.java:648)
	at org.testng.TestRunner.run(TestRunner.java:505)
	at org.testng.SuiteRunner.runTest(SuiteRunner.java:455)
	at org.testng.SuiteRunner.runSequentially(SuiteRunner.java:450)
	at org.testng.SuiteRunner.privateRun(SuiteRunner.java:415)
	at org.testng.SuiteRunner.run(SuiteRunner.java:364)
	at org.testng.SuiteRunnerWorker.runSuite(SuiteRunnerWorker.java:52)
	at org.testng.SuiteRunnerWorker.run(SuiteRunnerWorker.java:84)
	at org.testng.TestNG.runSuitesSequentially(TestNG.java:1208)
	at org.testng.TestNG.runSuitesLocally(TestNG.java:1137)
	at org.testng.TestNG.runSuites(TestNG.java:1049)
	at org.testng.TestNG.run(TestNG.java:1017)
	at org.apache.maven.surefire.testng.TestNGExecutor.run(TestNGExecutor.java:283)
	at org.apache.maven.surefire.testng.TestNGXmlTestSuite.execute(TestNGXmlTestSuite.java:75)
	at org.apache.maven.surefire.testng.TestNGProvider.invoke(TestNGProvider.java:120)
	at org.apache.maven.surefire.booter.ForkedBooter.invokeProviderInSameClassLoader(ForkedBooter.java:384)
	at org.apache.maven.surefire.booter.ForkedBooter.runSuitesInProcess(ForkedBooter.java:345)
	at org.apache.maven.surefire.booter.ForkedBooter.execute(ForkedBooter.java:126)
	at org.apache.maven.surefire.booter.ForkedBooter.main(ForkedBooter.java:418)
</pre></div></td>
<td>6</td>
<td>practice.TechUs.ContactPage@479d31f3</td></tr>
<tr>
<td title='practice.TechUs.ContactPage.pageTitleVerify()'><b>pageTitleVerify</b><br>Test class: practice.TechUs.ContactPage</td>
<td><div><pre>java.lang.AssertionError: expected [Tell Us About Your Dream. Let&apos;s chat! - Tech.us1] but found [Tell Us About Your Dream. Let&apos;s chat! - Tech.us]
	at resources.Base.menu(Base.java:79)
	at practice.TechUs.ContactPage.pageTitleVerify(ContactPage.java:20)
... Removed 35 stack frames</pre></div><a href='#' onClick='toggleBox("stack-trace166536076", this, "Click to show all stack frames", "Click to hide stack frames")'>Click to show all stack frames</a>
<div class='stack-trace' id='stack-trace166536076'><pre>java.lang.AssertionError: expected [Tell Us About Your Dream. Let&apos;s chat! - Tech.us1] but found [Tell Us About Your Dream. Let&apos;s chat! - Tech.us]
	at org.testng.Assert.fail(Assert.java:96)
	at org.testng.Assert.failNotEquals(Assert.java:776)
	at org.testng.Assert.assertEqualsImpl(Assert.java:137)
	at org.testng.Assert.assertEquals(Assert.java:118)
	at org.testng.Assert.assertEquals(Assert.java:453)
	at org.testng.Assert.assertEquals(Assert.java:463)
	at resources.Base.menu(Base.java:79)
	at practice.TechUs.ContactPage.pageTitleVerify(ContactPage.java:20)
	at sun.reflect.NativeMethodAccessorImpl.invoke0(Native Method)
	at sun.reflect.NativeMethodAccessorImpl.invoke(NativeMethodAccessorImpl.java:62)
	at sun.reflect.DelegatingMethodAccessorImpl.invoke(DelegatingMethodAccessorImpl.java:43)
	at java.lang.reflect.Method.invoke(Method.java:498)
	at org.testng.internal.MethodInvocationHelper.invokeMethod(MethodInvocationHelper.java:124)
	at org.testng.internal.Invoker.invokeMethod(Invoker.java:583)
	at org.testng.internal.Invoker.retryFailed(Invoker.java:839)
	at org.testng.internal.Invoker.invokeTestMethods(Invoker.java:1010)
	at org.testng.internal.TestMethodWorker.invokeTestMethods(TestMethodWorker.java:125)
	at org.testng.internal.TestMethodWorker.run(TestMethodWorker.java:109)
	at org.testng.TestRunner.privateRun(TestRunner.java:648)
	at org.testng.TestRunner.run(TestRunner.java:505)
	at org.testng.SuiteRunner.runTest(SuiteRunner.java:455)
	at org.testng.SuiteRunner.runSequentially(SuiteRunner.java:450)
	at org.testng.SuiteRunner.privateRun(SuiteRunner.java:415)
	at org.testng.SuiteRunner.run(SuiteRunner.java:364)
	at org.testng.SuiteRunnerWorker.runSuite(SuiteRunnerWorker.java:52)
	at org.testng.SuiteRunnerWorker.run(SuiteRunnerWorker.java:84)
	at org.testng.TestNG.runSuitesSequentially(TestNG.java:1208)
	at org.testng.TestNG.runSuitesLocally(TestNG.java:1137)
	at org.testng.TestNG.runSuites(TestNG.java:1049)
	at org.testng.TestNG.run(TestNG.java:1017)
	at org.apache.maven.surefire.testng.TestNGExecutor.run(TestNGExecutor.java:283)
	at org.apache.maven.surefire.testng.TestNGXmlTestSuite.execute(TestNGXmlTestSuite.java:75)
	at org.apache.maven.surefire.testng.TestNGProvider.invoke(TestNGProvider.java:120)
	at org.apache.maven.surefire.booter.ForkedBooter.invokeProviderInSameClassLoader(ForkedBooter.java:384)
	at org.apache.maven.surefire.booter.ForkedBooter.runSuitesInProcess(ForkedBooter.java:345)
	at org.apache.maven.surefire.booter.ForkedBooter.execute(ForkedBooter.java:126)
	at org.apache.maven.surefire.booter.ForkedBooter.main(ForkedBooter.java:418)
</pre></div></td>
<td>4</td>
<td>practice.TechUs.ContactPage@479d31f3</td></tr>
</table><p>
</body>
</html>