<?xml version="1.0" encoding="UTF-8"?>
<testng-results skipped="3" failed="1" ignored="0" total="17" passed="13">
  <reporter-output>
  </reporter-output>
  <suite name="Suite" duration-ms="153178" started-at="2019-09-11T10:32:51Z" finished-at="2019-09-11T10:35:24Z">
    <groups>
    </groups>
    <test name="TitleVerification" duration-ms="153178" started-at="2019-09-11T10:32:51Z" finished-at="2019-09-11T10:35:24Z">
      <class name="practice.TechUs.ContactPage">
        <test-method status="SKIP" signature="pageTitleVerify()[pri:0, instance:practice.TechUs.ContactPage@479d31f3]" name="pageTitleVerify" duration-ms="11681" started-at="2019-09-11T10:34:57Z" finished-at="2019-09-11T10:35:09Z">
          <exception class="java.lang.AssertionError">
            <message>
              <![CDATA[expected [Tell Us About Your Dream. Let's chat! - Tech.us1] but found [Tell Us About Your Dream. Let's chat! - Tech.us]]]>
            </message>
            <full-stacktrace>
              <![CDATA[java.lang.AssertionError: expected [Tell Us About Your Dream. Let's chat! - Tech.us1] but found [Tell Us About Your Dream. Let's chat! - Tech.us]
at org.testng.Assert.fail(Assert.java:96)
at org.testng.Assert.failNotEquals(Assert.java:776)
at org.testng.Assert.assertEqualsImpl(Assert.java:137)
at org.testng.Assert.assertEquals(Assert.java:118)
at org.testng.Assert.assertEquals(Assert.java:453)
at org.testng.Assert.assertEquals(Assert.java:463)
at resources.Base.menu(Base.java:79)
at practice.TechUs.ContactPage.pageTitleVerify(ContactPage.java:20)
at sun.reflect.NativeMethodAccessorImpl.invoke0(Native Method)
at sun.reflect.NativeMethodAccessorImpl.invoke(NativeMethodAccessorImpl.java:62)
at sun.reflect.DelegatingMethodAccessorImpl.invoke(DelegatingMethodAccessorImpl.java:43)
at java.lang.reflect.Method.invoke(Method.java:498)
at org.testng.internal.MethodInvocationHelper.invokeMethod(MethodInvocationHelper.java:124)
at org.testng.internal.Invoker.invokeMethod(Invoker.java:583)
at org.testng.internal.Invoker.invokeTestMethod(Invoker.java:719)
at org.testng.internal.Invoker.invokeTestMethods(Invoker.java:989)
at org.testng.internal.TestMethodWorker.invokeTestMethods(TestMethodWorker.java:125)
at org.testng.internal.TestMethodWorker.run(TestMethodWorker.java:109)
at org.testng.TestRunner.privateRun(TestRunner.java:648)
at org.testng.TestRunner.run(TestRunner.java:505)
at org.testng.SuiteRunner.runTest(SuiteRunner.java:455)
at org.testng.SuiteRunner.runSequentially(SuiteRunner.java:450)
at org.testng.SuiteRunner.privateRun(SuiteRunner.java:415)
at org.testng.SuiteRunner.run(SuiteRunner.java:364)
at org.testng.SuiteRunnerWorker.runSuite(SuiteRunnerWorker.java:52)
at org.testng.SuiteRunnerWorker.run(SuiteRunnerWorker.java:84)
at org.testng.TestNG.runSuitesSequentially(TestNG.java:1208)
at org.testng.TestNG.runSuitesLocally(TestNG.java:1137)
at org.testng.TestNG.runSuites(TestNG.java:1049)
at org.testng.TestNG.run(TestNG.java:1017)
at org.apache.maven.surefire.testng.TestNGExecutor.run(TestNGExecutor.java:283)
at org.apache.maven.surefire.testng.TestNGXmlTestSuite.execute(TestNGXmlTestSuite.java:75)
at org.apache.maven.surefire.testng.TestNGProvider.invoke(TestNGProvider.java:120)
at org.apache.maven.surefire.booter.ForkedBooter.invokeProviderInSameClassLoader(ForkedBooter.java:384)
at org.apache.maven.surefire.booter.ForkedBooter.runSuitesInProcess(ForkedBooter.java:345)
at org.apache.maven.surefire.booter.ForkedBooter.execute(ForkedBooter.java:126)
at org.apache.maven.surefire.booter.ForkedBooter.main(ForkedBooter.java:418)
]]>
            </full-stacktrace>
          </exception> <!-- java.lang.AssertionError -->
          <reporter-output>
          </reporter-output>
        </test-method> <!-- pageTitleVerify -->
        <test-method status="SKIP" signature="pageTitleVerify()[pri:0, instance:practice.TechUs.ContactPage@479d31f3]" name="pageTitleVerify" duration-ms="6670" started-at="2019-09-11T10:35:09Z" finished-at="2019-09-11T10:35:16Z">
          <exception class="java.lang.AssertionError">
            <message>
              <![CDATA[expected [Tell Us About Your Dream. Let's chat! - Tech.us1] but found [Tell Us About Your Dream. Let's chat! - Tech.us]]]>
            </message>
            <full-stacktrace>
              <![CDATA[java.lang.AssertionError: expected [Tell Us About Your Dream. Let's chat! - Tech.us1] but found [Tell Us About Your Dream. Let's chat! - Tech.us]
at org.testng.Assert.fail(Assert.java:96)
at org.testng.Assert.failNotEquals(Assert.java:776)
at org.testng.Assert.assertEqualsImpl(Assert.java:137)
at org.testng.Assert.assertEquals(Assert.java:118)
at org.testng.Assert.assertEquals(Assert.java:453)
at org.testng.Assert.assertEquals(Assert.java:463)
at resources.Base.menu(Base.java:79)
at practice.TechUs.ContactPage.pageTitleVerify(ContactPage.java:20)
at sun.reflect.NativeMethodAccessorImpl.invoke0(Native Method)
at sun.reflect.NativeMethodAccessorImpl.invoke(NativeMethodAccessorImpl.java:62)
at sun.reflect.DelegatingMethodAccessorImpl.invoke(DelegatingMethodAccessorImpl.java:43)
at java.lang.reflect.Method.invoke(Method.java:498)
at org.testng.internal.MethodInvocationHelper.invokeMethod(MethodInvocationHelper.java:124)
at org.testng.internal.Invoker.invokeMethod(Invoker.java:583)
at org.testng.internal.Invoker.retryFailed(Invoker.java:839)
at org.testng.internal.Invoker.invokeTestMethods(Invoker.java:1010)
at org.testng.internal.TestMethodWorker.invokeTestMethods(TestMethodWorker.java:125)
at org.testng.internal.TestMethodWorker.run(TestMethodWorker.java:109)
at org.testng.TestRunner.privateRun(TestRunner.java:648)
at org.testng.TestRunner.run(TestRunner.java:505)
at org.testng.SuiteRunner.runTest(SuiteRunner.java:455)
at org.testng.SuiteRunner.runSequentially(SuiteRunner.java:450)
at org.testng.SuiteRunner.privateRun(SuiteRunner.java:415)
at org.testng.SuiteRunner.run(SuiteRunner.java:364)
at org.testng.SuiteRunnerWorker.runSuite(SuiteRunnerWorker.java:52)
at org.testng.SuiteRunnerWorker.run(SuiteRunnerWorker.java:84)
at org.testng.TestNG.runSuitesSequentially(TestNG.java:1208)
at org.testng.TestNG.runSuitesLocally(TestNG.java:1137)
at org.testng.TestNG.runSuites(TestNG.java:1049)
at org.testng.TestNG.run(TestNG.java:1017)
at org.apache.maven.surefire.testng.TestNGExecutor.run(TestNGExecutor.java:283)
at org.apache.maven.surefire.testng.TestNGXmlTestSuite.execute(TestNGXmlTestSuite.java:75)
at org.apache.maven.surefire.testng.TestNGProvider.invoke(TestNGProvider.java:120)
at org.apache.maven.surefire.booter.ForkedBooter.invokeProviderInSameClassLoader(ForkedBooter.java:384)
at org.apache.maven.surefire.booter.ForkedBooter.runSuitesInProcess(ForkedBooter.java:345)
at org.apache.maven.surefire.booter.ForkedBooter.execute(ForkedBooter.java:126)
at org.apache.maven.surefire.booter.ForkedBooter.main(ForkedBooter.java:418)
]]>
            </full-stacktrace>
          </exception> <!-- java.lang.AssertionError -->
          <reporter-output>
          </reporter-output>
        </test-method> <!-- pageTitleVerify -->
        <test-method status="SKIP" signature="pageTitleVerify()[pri:0, instance:practice.TechUs.ContactPage@479d31f3]" name="pageTitleVerify" duration-ms="4433" started-at="2019-09-11T10:35:16Z" finished-at="2019-09-11T10:35:20Z">
          <exception class="java.lang.AssertionError">
            <message>
              <![CDATA[expected [Tell Us About Your Dream. Let's chat! - Tech.us1] but found [Tell Us About Your Dream. Let's chat! - Tech.us]]]>
            </message>
            <full-stacktrace>
              <![CDATA[java.lang.AssertionError: expected [Tell Us About Your Dream. Let's chat! - Tech.us1] but found [Tell Us About Your Dream. Let's chat! - Tech.us]
at org.testng.Assert.fail(Assert.java:96)
at org.testng.Assert.failNotEquals(Assert.java:776)
at org.testng.Assert.assertEqualsImpl(Assert.java:137)
at org.testng.Assert.assertEquals(Assert.java:118)
at org.testng.Assert.assertEquals(Assert.java:453)
at org.testng.Assert.assertEquals(Assert.java:463)
at resources.Base.menu(Base.java:79)
at practice.TechUs.ContactPage.pageTitleVerify(ContactPage.java:20)
at sun.reflect.NativeMethodAccessorImpl.invoke0(Native Method)
at sun.reflect.NativeMethodAccessorImpl.invoke(NativeMethodAccessorImpl.java:62)
at sun.reflect.DelegatingMethodAccessorImpl.invoke(DelegatingMethodAccessorImpl.java:43)
at java.lang.reflect.Method.invoke(Method.java:498)
at org.testng.internal.MethodInvocationHelper.invokeMethod(MethodInvocationHelper.java:124)
at org.testng.internal.Invoker.invokeMethod(Invoker.java:583)
at org.testng.internal.Invoker.retryFailed(Invoker.java:839)
at org.testng.internal.Invoker.invokeTestMethods(Invoker.java:1010)
at org.testng.internal.TestMethodWorker.invokeTestMethods(TestMethodWorker.java:125)
at org.testng.internal.TestMethodWorker.run(TestMethodWorker.java:109)
at org.testng.TestRunner.privateRun(TestRunner.java:648)
at org.testng.TestRunner.run(TestRunner.java:505)
at org.testng.SuiteRunner.runTest(SuiteRunner.java:455)
at org.testng.SuiteRunner.runSequentially(SuiteRunner.java:450)
at org.testng.SuiteRunner.privateRun(SuiteRunner.java:415)
at org.testng.SuiteRunner.run(SuiteRunner.java:364)
at org.testng.SuiteRunnerWorker.runSuite(SuiteRunnerWorker.java:52)
at org.testng.SuiteRunnerWorker.run(SuiteRunnerWorker.java:84)
at org.testng.TestNG.runSuitesSequentially(TestNG.java:1208)
at org.testng.TestNG.runSuitesLocally(TestNG.java:1137)
at org.testng.TestNG.runSuites(TestNG.java:1049)
at org.testng.TestNG.run(TestNG.java:1017)
at org.apache.maven.surefire.testng.TestNGExecutor.run(TestNGExecutor.java:283)
at org.apache.maven.surefire.testng.TestNGXmlTestSuite.execute(TestNGXmlTestSuite.java:75)
at org.apache.maven.surefire.testng.TestNGProvider.invoke(TestNGProvider.java:120)
at org.apache.maven.surefire.booter.ForkedBooter.invokeProviderInSameClassLoader(ForkedBooter.java:384)
at org.apache.maven.surefire.booter.ForkedBooter.runSuitesInProcess(ForkedBooter.java:345)
at org.apache.maven.surefire.booter.ForkedBooter.execute(ForkedBooter.java:126)
at org.apache.maven.surefire.booter.ForkedBooter.main(ForkedBooter.java:418)
]]>
            </full-stacktrace>
          </exception> <!-- java.lang.AssertionError -->
          <reporter-output>
          </reporter-output>
        </test-method> <!-- pageTitleVerify -->
        <test-method status="FAIL" signature="pageTitleVerify()[pri:0, instance:practice.TechUs.ContactPage@479d31f3]" name="pageTitleVerify" duration-ms="3325" started-at="2019-09-11T10:35:20Z" finished-at="2019-09-11T10:35:24Z">
          <exception class="java.lang.AssertionError">
            <message>
              <![CDATA[expected [Tell Us About Your Dream. Let's chat! - Tech.us1] but found [Tell Us About Your Dream. Let's chat! - Tech.us]]]>
            </message>
            <full-stacktrace>
              <![CDATA[java.lang.AssertionError: expected [Tell Us About Your Dream. Let's chat! - Tech.us1] but found [Tell Us About Your Dream. Let's chat! - Tech.us]
at org.testng.Assert.fail(Assert.java:96)
at org.testng.Assert.failNotEquals(Assert.java:776)
at org.testng.Assert.assertEqualsImpl(Assert.java:137)
at org.testng.Assert.assertEquals(Assert.java:118)
at org.testng.Assert.assertEquals(Assert.java:453)
at org.testng.Assert.assertEquals(Assert.java:463)
at resources.Base.menu(Base.java:79)
at practice.TechUs.ContactPage.pageTitleVerify(ContactPage.java:20)
at sun.reflect.NativeMethodAccessorImpl.invoke0(Native Method)
at sun.reflect.NativeMethodAccessorImpl.invoke(NativeMethodAccessorImpl.java:62)
at sun.reflect.DelegatingMethodAccessorImpl.invoke(DelegatingMethodAccessorImpl.java:43)
at java.lang.reflect.Method.invoke(Method.java:498)
at org.testng.internal.MethodInvocationHelper.invokeMethod(MethodInvocationHelper.java:124)
at org.testng.internal.Invoker.invokeMethod(Invoker.java:583)
at org.testng.internal.Invoker.retryFailed(Invoker.java:839)
at org.testng.internal.Invoker.invokeTestMethods(Invoker.java:1010)
at org.testng.internal.TestMethodWorker.invokeTestMethods(TestMethodWorker.java:125)
at org.testng.internal.TestMethodWorker.run(TestMethodWorker.java:109)
at org.testng.TestRunner.privateRun(TestRunner.java:648)
at org.testng.TestRunner.run(TestRunner.java:505)
at org.testng.SuiteRunner.runTest(SuiteRunner.java:455)
at org.testng.SuiteRunner.runSequentially(SuiteRunner.java:450)
at org.testng.SuiteRunner.privateRun(SuiteRunner.java:415)
at org.testng.SuiteRunner.run(SuiteRunner.java:364)
at org.testng.SuiteRunnerWorker.runSuite(SuiteRunnerWorker.java:52)
at org.testng.SuiteRunnerWorker.run(SuiteRunnerWorker.java:84)
at org.testng.TestNG.runSuitesSequentially(TestNG.java:1208)
at org.testng.TestNG.runSuitesLocally(TestNG.java:1137)
at org.testng.TestNG.runSuites(TestNG.java:1049)
at org.testng.TestNG.run(TestNG.java:1017)
at org.apache.maven.surefire.testng.TestNGExecutor.run(TestNGExecutor.java:283)
at org.apache.maven.surefire.testng.TestNGXmlTestSuite.execute(TestNGXmlTestSuite.java:75)
at org.apache.maven.surefire.testng.TestNGProvider.invoke(TestNGProvider.java:120)
at org.apache.maven.surefire.booter.ForkedBooter.invokeProviderInSameClassLoader(ForkedBooter.java:384)
at org.apache.maven.surefire.booter.ForkedBooter.runSuitesInProcess(ForkedBooter.java:345)
at org.apache.maven.surefire.booter.ForkedBooter.execute(ForkedBooter.java:126)
at org.apache.maven.surefire.booter.ForkedBooter.main(ForkedBooter.java:418)
]]>
            </full-stacktrace>
          </exception> <!-- java.lang.AssertionError -->
          <reporter-output>
          </reporter-output>
        </test-method> <!-- pageTitleVerify -->
      </class> <!-- practice.TechUs.ContactPage -->
      <class name="practice.TechUs.WebCloudApplicationPage">
        <test-method status="PASS" signature="pageTitleVerify()[pri:0, instance:practice.TechUs.WebCloudApplicationPage@1afd44cb]" name="pageTitleVerify" duration-ms="17097" started-at="2019-09-11T10:33:51Z" finished-at="2019-09-11T10:34:08Z">
          <reporter-output>
          </reporter-output>
        </test-method> <!-- pageTitleVerify -->
      </class> <!-- practice.TechUs.WebCloudApplicationPage -->
      <class name="practice.TechUs.TestimonialPage">
        <test-method status="PASS" signature="pageTitleVerify()[pri:0, instance:practice.TechUs.TestimonialPage@333291e3]" name="pageTitleVerify" duration-ms="23653" started-at="2019-09-11T10:34:34Z" finished-at="2019-09-11T10:34:57Z">
          <reporter-output>
          </reporter-output>
        </test-method> <!-- pageTitleVerify -->
      </class> <!-- practice.TechUs.TestimonialPage -->
      <class name="practice.TechUs.SoftwareModernizationPage">
        <test-method status="PASS" signature="pageTitleVerify()[pri:0, instance:practice.TechUs.SoftwareModernizationPage@6973b51b]" name="pageTitleVerify" duration-ms="11805" started-at="2019-09-11T10:34:08Z" finished-at="2019-09-11T10:34:20Z">
          <reporter-output>
          </reporter-output>
        </test-method> <!-- pageTitleVerify -->
      </class> <!-- practice.TechUs.SoftwareModernizationPage -->
      <class name="practice.TechUs.HowItWorksPage">
        <test-method status="PASS" signature="beforetest()[pri:0, instance:practice.TechUs.HowItWorksPage@20ce78ec]" name="beforetest" is-config="true" duration-ms="57211" started-at="2019-09-11T10:31:54Z" finished-at="2019-09-11T10:32:51Z">
          <reporter-output>
          </reporter-output>
        </test-method> <!-- beforetest -->
        <test-method status="PASS" signature="pageTitleVerify()[pri:0, instance:practice.TechUs.HowItWorksPage@20ce78ec]" name="pageTitleVerify" duration-ms="8858" started-at="2019-09-11T10:32:54Z" finished-at="2019-09-11T10:33:03Z">
          <reporter-output>
          </reporter-output>
        </test-method> <!-- pageTitleVerify -->
        <test-method status="PASS" signature="afterTest()[pri:0, instance:practice.TechUs.HowItWorksPage@20ce78ec]" name="afterTest" is-config="true" duration-ms="178" started-at="2019-09-11T10:35:25Z" finished-at="2019-09-11T10:35:25Z">
          <reporter-output>
          </reporter-output>
        </test-method> <!-- afterTest -->
      </class> <!-- practice.TechUs.HowItWorksPage -->
      <class name="practice.TechUs.DevelopementTeamPage">
        <test-method status="PASS" signature="pageTitleVerify()[pri:0, instance:practice.TechUs.DevelopementTeamPage@5f058f00]" name="pageTitleVerify" duration-ms="6025" started-at="2019-09-11T10:33:21Z" finished-at="2019-09-11T10:33:27Z">
          <reporter-output>
          </reporter-output>
        </test-method> <!-- pageTitleVerify -->
      </class> <!-- practice.TechUs.DevelopementTeamPage -->
      <class name="practice.TechUs.HomePage">
        <test-method status="PASS" signature="pageTitleVerify()[pri:0, instance:practice.TechUs.HomePage@393671df]" name="pageTitleVerify" duration-ms="3057" started-at="2019-09-11T10:32:51Z" finished-at="2019-09-11T10:32:54Z">
          <reporter-output>
          </reporter-output>
        </test-method> <!-- pageTitleVerify -->
      </class> <!-- practice.TechUs.HomePage -->
      <class name="practice.TechUs.SoftwareDevPage">
        <test-method status="PASS" signature="pageTitleVerify()[pri:0, instance:practice.TechUs.SoftwareDevPage@192d43ce]" name="pageTitleVerify" duration-ms="11116" started-at="2019-09-11T10:33:27Z" finished-at="2019-09-11T10:33:38Z">
          <reporter-output>
          </reporter-output>
        </test-method> <!-- pageTitleVerify -->
      </class> <!-- practice.TechUs.SoftwareDevPage -->
      <class name="practice.TechUs.ClientsPage">
        <test-method status="PASS" signature="pageTitleVerify()[pri:0, instance:practice.TechUs.ClientsPage@43195e57]" name="pageTitleVerify" duration-ms="6807" started-at="2019-09-11T10:34:27Z" finished-at="2019-09-11T10:34:34Z">
          <reporter-output>
          </reporter-output>
        </test-method> <!-- pageTitleVerify -->
      </class> <!-- practice.TechUs.ClientsPage -->
      <class name="practice.TechUs.PricingPage">
        <test-method status="PASS" signature="pageTitleVerify()[pri:0, instance:practice.TechUs.PricingPage@1ab3a8c8]" name="pageTitleVerify" duration-ms="7151" started-at="2019-09-11T10:34:20Z" finished-at="2019-09-11T10:34:27Z">
          <reporter-output>
          </reporter-output>
        </test-method> <!-- pageTitleVerify -->
      </class> <!-- practice.TechUs.PricingPage -->
      <class name="practice.TechUs.ArtificialInteligencePage">
        <test-method status="PASS" signature="pageTitleVerify()[pri:0, instance:practice.TechUs.ArtificialInteligencePage@55b7a4e0]" name="pageTitleVerify" duration-ms="8239" started-at="2019-09-11T10:33:13Z" finished-at="2019-09-11T10:33:21Z">
          <reporter-output>
          </reporter-output>
        </test-method> <!-- pageTitleVerify -->
      </class> <!-- practice.TechUs.ArtificialInteligencePage -->
      <class name="practice.TechUs.FAQPage">
        <test-method status="PASS" signature="pageTitleVerify()[pri:0, instance:practice.TechUs.FAQPage@56620197]" name="pageTitleVerify" duration-ms="5704" started-at="2019-09-11T10:33:03Z" finished-at="2019-09-11T10:33:09Z">
          <reporter-output>
          </reporter-output>
        </test-method> <!-- pageTitleVerify -->
      </class> <!-- practice.TechUs.FAQPage -->
      <class name="practice.TechUs.OurServices">
        <test-method status="PASS" signature="pageTitleVerify()[pri:0, instance:practice.TechUs.OurServices@6eda5c9]" name="pageTitleVerify" duration-ms="3834" started-at="2019-09-11T10:33:09Z" finished-at="2019-09-11T10:33:13Z">
          <reporter-output>
          </reporter-output>
        </test-method> <!-- pageTitleVerify -->
      </class> <!-- practice.TechUs.OurServices -->
      <class name="practice.TechUs.MobileAppDevPage">
        <test-method status="PASS" signature="pageTitleVerify()[pri:0, instance:practice.TechUs.MobileAppDevPage@72057ecf]" name="pageTitleVerify" duration-ms="12695" started-at="2019-09-11T10:33:38Z" finished-at="2019-09-11T10:33:51Z">
          <reporter-output>
          </reporter-output>
        </test-method> <!-- pageTitleVerify -->
      </class> <!-- practice.TechUs.MobileAppDevPage -->
    </test> <!-- TitleVerification -->
  </suite> <!-- Suite -->
</testng-results>
